app/build/outputs/mapping/release/seeds.txt
app.web.dadjokes_6996.twa.LauncherActivity: LauncherActivity()
app.web.dadjokes_6996.twa.DelegationService: DelegationService()
app.web.dadjokes_6996.twa.DelegationService
app.web.dadjokes_6996.twa.Application
app.web.dadjokes_6996.twa.Application: Application()
app.web.dadjokes_6996.twa.LauncherActivity
...
androidx.core.graphics.drawable.IconCompat
androidx.core.app.CoreComponentFactory
androidx.core.app.RemoteActionCompatParcelizer: RemoteActionCompatParcelizer()
com.google.androidbrowserhelper.trusted.WebViewFallbackActivity
com.google.androidbrowserhelper.trusted.NotificationPermissionRequestActivity
com.google.androidbrowserhelper.trusted.ManageDataLauncherActivity
androidx.annotation.Keep
com.google.androidbrowserhelper.trusted.ManageDataLauncherActivity: ManageDataLauncherActivity()
androidx.lifecycle.FullLifecycleObserverAdapter
android.support.v4.app.RemoteActionCompatParcelizer: androidx.core.app.RemoteActionCompat read(androidx.versionedparcelable.VersionedParcel)
com.google.androidbrowserhelper.trusted.DelegationService: DelegationService()
androidx.versionedparcelable.CustomVersionedParcelable
android.support.v4.app.RemoteActionCompatParcelizer: RemoteActionCompatParcelizer()
com.google.androidbrowserhelper.trusted.FocusActivity: FocusActivity()
androidx.core.app.RemoteActionCompatParcelizer: androidx.core.app.RemoteActionCompat read(androidx.versionedparcelable.VersionedParcel)
androidx.core.content.FileProvider
com.google.androidbrowserhelper.trusted.NotificationPermissionRequestActivity: NotificationPermissionRequestActivity()
androidx.core.graphics.drawable.IconCompatParcelizer
androidx.versionedparcelable.CustomVersionedParcelable: CustomVersionedParcelable()
androidx.core.graphics.drawable.IconCompatParcelizer: IconCompatParcelizer()
androidx.browser.browseractions.BrowserActionsFallbackMenuView
com.google.androidbrowserhelper.trusted.FocusActivity
android.support.v4.app.RemoteActionCompatParcelizer: void write(androidx.core.app.RemoteActionCompat,androidx.versionedparcelable.VersionedParcel)
androidx.core.app.RemoteActionCompat: RemoteActionCompat()
androidx.core.app.RemoteActionCompatParcelizer: void write(androidx.core.app.RemoteActionCompat,androidx.versionedparcelable.VersionedParcel)
androidx.browser.trusted.TrustedWebActivityService: TrustedWebActivityService()
androidx.lifecycle.ReflectiveGenericLifecycleObserver
androidx.lifecycle.SingleGeneratedAdapterObserver
android.support.v4.graphics.drawable.IconCompatParcelizer: androidx.core.graphics.drawable.IconCompat read(androidx.versionedparcelable.VersionedParcel)
android.support.v4.graphics.drawable.IconCompatParcelizer: IconCompatParcelizer()
com.google.androidbrowserhelper.trusted.LauncherActivity: LauncherActivity()
android.support.v4.app.RemoteActionCompatParcelizer
androidx.core.graphics.drawable.IconCompatParcelizer: androidx.core.graphics.drawable.IconCompat read(androidx.versionedparcelable.VersionedParcel)
androidx.core.app.RemoteActionCompat
androidx.core.graphics.drawable.IconCompatParcelizer: void write(androidx.core.graphics.drawable.IconCompat,androidx.versionedparcelable.VersionedParcel)
androidx.lifecycle.CompositeGeneratedAdaptersObserver
androidx.versionedparcelable.ParcelImpl: android.os.Parcelable$Creator CREATOR
androidx.core.content.FileProvider: FileProvider()
androidx.versionedparcelable.ParcelImpl
androidx.core.app.CoreComponentFactory: CoreComponentFactory()
com.google.androidbrowserhelper.trusted.WebViewFallbackActivity: WebViewFallbackActivity()
androidx.core.graphics.drawable.IconCompat: IconCompat()
android.support.v4.graphics.drawable.IconCompatParcelizer
android.support.v4.graphics.drawable.IconCompatParcelizer: void write(androidx.core.graphics.drawable.IconCompat,androidx.versionedparcelable.VersionedParcel)
androidx.browser.browseractions.BrowserActionsFallbackMenuView: BrowserActionsFallbackMenuView(android.content.Context,android.util.AttributeSet)
androidx.core.app.RemoteActionCompatParcelizer