app/build/outputs/mapping/release/mapping.txt
# compiler: R8
# compiler_version: 2.1.86
# min_api: 19
# pg_map_id: 474bd8a
# common_typos_disable
app.web.dadjokes_6996.twa.LauncherActivity -> app.web.dadjokes_6996.twa.LauncherActivity:
    android.net.Uri getLaunchingUrl() -> g
...
androidx.browser.trusted.TrustedWebActivityServiceConnection -> b.a.c.m:
    void ensureBundleContains(android.os.Bundle,java.lang.String) -> a
androidx.browser.trusted.TrustedWebActivityServiceConnection$ActiveNotificationsArgs -> b.a.c.m$a:
    android.os.Parcelable[] notifications -> a
    android.os.Bundle toBundle() -> a
androidx.browser.trusted.TrustedWebActivityServiceConnection$CancelNotificationArgs -> b.a.c.m$b:
    java.lang.String platformTag -> a
    int platformId -> b
    androidx.browser.trusted.TrustedWebActivityServiceConnection$CancelNotificationArgs fromBundle(android.os.Bundle) -> a
androidx.browser.trusted.TrustedWebActivityServiceConnection$NotificationsEnabledArgs -> b.a.c.m$c:
    java.lang.String channelName -> a
    androidx.browser.trusted.TrustedWebActivityServiceConnection$NotificationsEnabledArgs fromBundle(android.os.Bundle) -> a
androidx.browser.trusted.TrustedWebActivityServiceConnection$NotifyNotificationArgs -> b.a.c.m$d:
    java.lang.String platformTag -> a
    android.app.Notification notification -> c
    int platformId -> b
    java.lang.String channelName -> d
    androidx.browser.trusted.TrustedWebActivityServiceConnection$NotifyNotificationArgs fromBundle(android.os.Bundle) -> a
androidx.browser.trusted.TrustedWebActivityServiceConnection$ResultArgs -> b.a.c.m$e:
    boolean success -> a
    android.os.Bundle toBundle() -> a
androidx.browser.trusted.sharing.ShareData -> b.a.c.n.a:
    java.util.List uris -> c
    java.lang.String title -> a
    java.lang.String text -> b
    android.os.Bundle toBundle() -> a
androidx.browser.trusted.sharing.ShareTarget -> b.a.c.n.b:
    androidx.browser.trusted.sharing.ShareTarget$Params params -> d
    java.lang.String action -> a
    java.lang.String encodingType -> c
    java.lang.String method -> b
    android.os.Bundle toBundle() -> a
androidx.browser.trusted.sharing.ShareTarget$FileFormField -> b.a.c.n.b$a:
    java.util.List acceptedTypes -> b
    java.lang.String name -> a
    android.os.Bundle toBundle() -> a
androidx.browser.trusted.sharing.ShareTarget$Params -> b.a.c.n.b$b:
    java.util.List files -> c
    java.lang.String title -> a
    java.lang.String text -> b
    android.os.Bundle toBundle() -> a
androidx.collection.ArrayMap -> b.b.a:
    androidx.collection.MapCollections mCollections -> h
    androidx.collection.MapCollections getCollection() -> m
androidx.collection.ArrayMap$1 -> b.b.a$a:
    androidx.collection.ArrayMap this$0 -> d
    void colClear() -> a
    java.lang.Object colGetEntry(int,int) -> b
    java.util.Map colGetMap() -> c
    int colGetSize() -> d
    int colIndexOfKey(java.lang.Object) -> e
    int colIndexOfValue(java.lang.Object) -> f
    void colPut(java.lang.Object,java.lang.Object) -> g
    void colRemoveAt(int) -> h
    java.lang.Object colSetValue(int,java.lang.Object) -> i
androidx.collection.ContainerHelpers -> b.b.b:
    java.lang.Object[] EMPTY_OBJECTS -> b
    int[] EMPTY_INTS -> a
    int binarySearch(int[],int,int) -> a
    boolean equal(java.lang.Object,java.lang.Object) -> b