app/build/outputs/mapping/release/usage.txt
app.web.dadjokes_6996.twa.BuildConfig
app.web.dadjokes_6996.twa.R$drawable
app.web.dadjokes_6996.twa.R$id
app.web.dadjokes_6996.twa.R$attr
app.web.dadjokes_6996.twa.R
app.web.dadjokes_6996.twa.R$layout
app.web.dadjokes_6996.twa.R$styleable
app.web.dadjokes_6996.twa.R$integer
app.web.dadjokes_6996.twa.R$string
app.web.dadjokes_6996.twa.R$style
app.web.dadjokes_6996.twa.R$dimen
app.web.dadjokes_6996.twa.R$bool
app.web.dadjokes_6996.twa.R$mipmap
app.web.dadjokes_6996.twa.R$color
app.web.dadjokes_6996.twa.R$raw
app.web.dadjokes_6996.twa.R$xml
...
androidx.browser.customtabs.TrustedWebUtils:
    private void <init>()
    public static void launchBrowserSiteSettings(android.content.Context,androidx.browser.customtabs.CustomTabsSession,android.net.Uri)
    public static void launchAsTrustedWebActivity(android.content.Context,androidx.browser.customtabs.CustomTabsIntent,android.net.Uri)
    public static final java.lang.String EXTRA_LAUNCH_AS_TRUSTED_WEB_ACTIVITY
    public static final java.lang.String ACTION_MANAGE_TRUSTED_WEB_ACTIVITY_DATA
com.google.androidbrowserhelper.R$styleable
androidx.core.internal.package-info
androidx.concurrent.futures.AbstractResolvableFuture$Failure
androidx.core.provider.FontsContractCompat
androidx.core.widget.AutoScrollHelper$ScrollAnimationRunnable
androidx.core.view.accessibility.AccessibilityViewCommand$CommandArguments
androidx.annotation.AttrRes
androidx.core.content.pm.ActivityInfoCompat
androidx.core.view.GestureDetectorCompat
androidx.core.app.Person
androidx.browser.trusted.Token:
    private static final java.lang.String TAG
androidx.concurrent.futures.ResolvableFuture
androidx.core.util.TimeUtils
androidx.core.app.AppOpsManagerCompat
androidx.annotation.ArrayRes
androidx.annotation.StyleRes
androidx.core.app.Person$Builder
androidx.core.content.MimeTypeFilter
androidx.core.view.DisplayCutoutCompat
androidx.core.app.NotificationCompat$NotificationVisibility
android.support.v4.os.ResultReceiver$MyResultReceiver
androidx.core.widget.AutoScrollHelper
androidx.core.os.ParcelableCompat$ParcelableCompatCreatorHoneycombMR2
androidx.core.text.util.FindAddress$ZipRange
androidx.core.view.VelocityTrackerCompat
androidx.core.text.PrecomputedTextCompat$PrecomputedTextFutureTask$PrecomputedTextCallback
androidx.browser.customtabs.CustomTabsSessionToken$1
androidx.lifecycle.LifecycleRegistry$1
androidx.core.app.ActivityRecreator$3
androidx.core.widget.TintableCompoundButton
androidx.browser.trusted.TrustedWebActivityServiceConnection$NotificationsEnabledArgs:
    public android.os.Bundle toBundle()
androidx.core.view.accessibility.AccessibilityManagerCompat$AccessibilityStateChangeListenerCompat
androidx.core.app.NotificationCompat$MessagingStyle$Message
androidx.core.R$color
androidx.core.widget.TextViewCompat$AutoSizeTextType
androidx.annotation.NavigationRes
androidx.core.view.GestureDetectorCompat$GestureDetectorCompatImplBase$GestureHandler
androidx.core.view.accessibility.AccessibilityNodeInfoCompat
androidx.browser.trusted.sharing.ShareTarget:
    public static androidx.browser.trusted.sharing.ShareTarget fromBundle(android.os.Bundle)
    public static final java.lang.String KEY_ACTION
    public static final java.lang.String KEY_METHOD
    public static final java.lang.String KEY_ENCTYPE
    public static final java.lang.String KEY_PARAMS
    public static final java.lang.String METHOD_GET
    public static final java.lang.String METHOD_POST
    public static final java.lang.String ENCODING_TYPE_URL_ENCODED
    public static final java.lang.String ENCODING_TYPE_MULTIPART
androidx.core.internal.view.SupportMenu
androidx.core.hardware.fingerprint.FingerprintManagerCompat$1
androidx.browser.customtabs.CustomTabsIntent$ColorScheme
androidx.core.text.util.LinkifyCompat$LinkSpec
androidx.core.graphics.PathUtils
androidx.core.app.NotificationCompat$WearableExtender
androidx.browser.R$color
androidx.core.view.WindowInsetsCompat
androidx.core.view.LayoutInflaterFactory
androidx.annotation.BoolRes
androidx.core.text.TextDirectionHeuristicsCompat$TextDirectionAlgorithm
com.google.androidbrowserhelper.R$layout
androidx.core.app.NotificationBuilderWithBuilderAccessor
androidx.core.view.accessibility.AccessibilityNodeInfoCompat$CollectionInfoCompat
androidx.core.app.FrameMetricsAggregator$FrameMetricsBaseImpl
android.support.customtabs.IPostMessageService$Stub
androidx.core.R$drawable
androidx.core.text.BidiFormatter
androidx.core.view.inputmethod.InputConnectionCompat$1
androidx.annotation.FontRes